C51 COMPILER V9.54   MAIN                                                                  02/22/2026 15:51:25 PAGE 1   


C51 COMPILER V9.54, COMPILATION OF MODULE MAIN
OBJECT MODULE PLACED IN .\Objects\main.obj
COMPILER INVOKED BY: E:\keil5\C51\BIN\C51.EXE main.c OPTIMIZE(8,SPEED) BROWSE DEBUG OBJECTEXTEND PRINT(.\Listings\main.l
                    -st) TABS(2) OBJECT(.\Objects\main.obj)

line level    source

   1          #include <REGX52.H>
   2          
   3          unsigned char nixietable[]={0x3F,0x06,0x5B,0x4F,0x66,0x6D,0x7D,0x07,0x7F,0x6F};
   4          
   5          void nixie(unsigned char location,unsigned char num){
   6   1        
   7   1        switch(location){
   8   2          case 1:P2_4=1;P2_3=1;P2_2=1;break;
   9   2          case 2:P2_4=1;P2_3=1;P2_2=0;break;
  10   2          case 3:P2_4=1;P2_3=0;P2_2=1;break;
  11   2          case 4:P2_4=1;P2_3=0;P2_2=0;break;
  12   2          case 5:P2_4=0;P2_3=1;P2_2=1;break;
  13   2          case 6:P2_4=0;P2_3=1;P2_2=0;break;
  14   2          case 7:P2_4=0;P2_3=0;P2_2=1;break;
  15   2          case 8:P2_4=0;P2_3=0;P2_2=0;break;
  16   2        }
  17   1        P0=nixietable[num];
  18   1      }
  19          
  20          void main(){
  21   1        nixie(5,4);
  22   1        while(1){
  23   2          
  24   2        }
  25   1        
  26   1      }


MODULE INFORMATION:   STATIC OVERLAYABLE
   CODE SIZE        =    108    ----
   CONSTANT SIZE    =   ----    ----
   XDATA SIZE       =   ----    ----
   PDATA SIZE       =   ----    ----
   DATA SIZE        =     10    ----
   IDATA SIZE       =   ----    ----
   BIT SIZE         =   ----    ----
END OF MODULE INFORMATION.


C51 COMPILATION COMPLETE.  0 WARNING(S),  0 ERROR(S)
