C51 COMPILER V9.54   MAIN                                                                  02/23/2026 13:04:38 PAGE 1   


C51 COMPILER V9.54, COMPILATION OF MODULE MAIN
OBJECT MODULE PLACED IN .\Objects\main.obj
COMPILER INVOKED BY: E:\keil5\C51\BIN\C51.EXE main.c OPTIMIZE(8,SPEED) BROWSE DEBUG OBJECTEXTEND PRINT(.\Listings\main.l
                    -st) TABS(2) OBJECT(.\Objects\main.obj)

line level    source

   1          #include <REGX52.H>
   2          #include"Timer0.h"
   3          #include"Key.h"
   4          #include"INTRINS.H"
   5          
   6          unsigned char KeyNum,LEDMode;
   7          
   8          void main(){
   9   1        P2=0xFE;
  10   1        Timer0_Init();
  11   1        while(1){
  12   2          KeyNum=Key();
  13   2          if(KeyNum){
  14   3            if(KeyNum==1){
  15   4              LEDMode++;
  16   4              if(LEDMode>1) LEDMode=0;
  17   4            }
  18   3            
  19   3          }
  20   2       }
  21   1      }
  22          
  23          
  24          void Timer_Rountine() interrupt 1{
  25   1        static unsigned int T0cnt;
  26   1        TL0 = 0x18;   //设置定时初值
  27   1        TH0 = 0xFC;   //设置定时初值
  28   1        T0cnt++;
  29   1        if(T0cnt>=100){
  30   2          T0cnt=0;
  31   2          if(LEDMode==0){
  32   3            P2=_crol_(P2,1);
  33   3          }
  34   2          if(LEDMode==1){
  35   3            P2=_cror_(P2,1);
  36   3          }
  37   2        }
  38   1      }


MODULE INFORMATION:   STATIC OVERLAYABLE
   CODE SIZE        =    116    ----
   CONSTANT SIZE    =   ----    ----
   XDATA SIZE       =   ----    ----
   PDATA SIZE       =   ----    ----
   DATA SIZE        =      4    ----
   IDATA SIZE       =   ----    ----
   BIT SIZE         =   ----    ----
END OF MODULE INFORMATION.


C51 COMPILATION COMPLETE.  0 WARNING(S),  0 ERROR(S)
