C51 COMPILER V9.54   MAIN                                                                  02/22/2026 18:40:28 PAGE 1   


C51 COMPILER V9.54, COMPILATION OF MODULE MAIN
OBJECT MODULE PLACED IN .\Objects\main.obj
COMPILER INVOKED BY: E:\keil5\C51\BIN\C51.EXE main.c OPTIMIZE(8,SPEED) BROWSE DEBUG OBJECTEXTEND PRINT(.\Listings\main.l
                    -st) TABS(2) OBJECT(.\Objects\main.obj)

line level    source

   1          #include <REGX52.H>
   2          #include"LCD1602.h"
   3          
   4          int Result;
   5          
   6          void main(){
   7   1        LCD_Init();
   8   1        Result=1+1;
   9   1      //  LCD_ShowNum(1,1,Result,3);
  10   1        LCD_ShowChar(1,1,'A');
  11   1        LCD_ShowString(1,3,"hello");//一行三列
  12   1        LCD_ShowNum(1,9,123,3);//一行三列三位，如果是四位就补零
  13   1        LCD_ShowSignedNum(1,13,-66,2);
  14   1        LCD_ShowHexNum(2,1,0xA8,2);
  15   1        LCD_ShowBinNum(2,4,0xAA,8);
  16   1        while(1){
  17   2          
  18   2        }
  19   1      
  20   1      }


MODULE INFORMATION:   STATIC OVERLAYABLE
   CODE SIZE        =     89    ----
   CONSTANT SIZE    =      6    ----
   XDATA SIZE       =   ----    ----
   PDATA SIZE       =   ----    ----
   DATA SIZE        =      2    ----
   IDATA SIZE       =   ----    ----
   BIT SIZE         =   ----    ----
END OF MODULE INFORMATION.


C51 COMPILATION COMPLETE.  0 WARNING(S),  0 ERROR(S)
