C51 COMPILER V9.54   MAIN                                                                  02/22/2026 14:13:05 PAGE 1   


C51 COMPILER V9.54, COMPILATION OF MODULE MAIN
OBJECT MODULE PLACED IN .\Objects\main.obj
COMPILER INVOKED BY: E:\keil5\C51\BIN\C51.EXE main.c OPTIMIZE(8,SPEED) BROWSE DEBUG OBJECTEXTEND PRINT(.\Listings\main.l
                    -st) TABS(2) OBJECT(.\Objects\main.obj)

line level    source

   1          #include <REGX52.H>
   2          void Delay(unsigned int xms);
   3          void main(){
   4   1        unsigned char cnt=0;
   5   1        P2=~0x01;
   6   1        while(1){
   7   2          if(P3_1==0){
   8   3            Delay(20);
   9   3            while(P3_1==0);
  10   3            Delay(20);
  11   3            if(cnt>7){
  12   4              cnt=0;
  13   4            }
  14   3            cnt++;
  15   3            P2=~(0x01<<cnt);
  16   3          }
  17   2          if(P3_0==0){
  18   3            Delay(20);
  19   3            while(P3_0==0);
  20   3            Delay(20);
  21   3            if(cnt==0){
  22   4              cnt=7;
  23   4            }else{
  24   4              cnt--;
  25   4            }
  26   3            P2=~(0x01<<cnt);
  27   3          }
  28   2        }
  29   1      }
  30          
  31          void Delay(unsigned int xms)    //@12.000MHz
  32          {
  33   1        unsigned char i, j;
  34   1        while(xms--){
  35   2        i = 2;
  36   2        j = 239;
  37   2        do
  38   2        {
  39   3          while (--j);
  40   3        } while (--i);
  41   2      }
  42   1        }


MODULE INFORMATION:   STATIC OVERLAYABLE
   CODE SIZE        =    112    ----
   CONSTANT SIZE    =   ----    ----
   XDATA SIZE       =   ----    ----
   PDATA SIZE       =   ----    ----
   DATA SIZE        =   ----       1
   IDATA SIZE       =   ----    ----
   BIT SIZE         =   ----    ----
END OF MODULE INFORMATION.


C51 COMPILATION COMPLETE.  0 WARNING(S),  0 ERROR(S)
