C51 COMPILER V9.54   MAIN                                                                  02/22/2026 20:12:00 PAGE 1   


C51 COMPILER V9.54, COMPILATION OF MODULE MAIN
OBJECT MODULE PLACED IN .\Objects\main.obj
COMPILER INVOKED BY: E:\keil5\C51\BIN\C51.EXE main.c OPTIMIZE(8,SPEED) BROWSE DEBUG OBJECTEXTEND PRINT(.\Listings\main.l
                    -st) TABS(2) OBJECT(.\Objects\main.obj)

line level    source

   1          #include <REGX52.H>
   2          #include"Delay.h"
   3          #include"LCD1602.h"
   4          #include"MatrixKey.h"
   5          
   6          unsigned char KeyNum;
   7          
   8          void main(){
   9   1        LCD_Init();
  10   1        LCD_ShowString(1,1,"MatrixKey:");
  11   1        while(1){
  12   2          KeyNum=MatrixKey();
  13   2          if(KeyNum){//按按键了再换数字，不然就一直保持原来
  14   3            LCD_ShowNum(2,1,KeyNum,2);
  15   3          }
  16   2        }
  17   1        
  18   1      }


MODULE INFORMATION:   STATIC OVERLAYABLE
   CODE SIZE        =     40    ----
   CONSTANT SIZE    =     11    ----
   XDATA SIZE       =   ----    ----
   PDATA SIZE       =   ----    ----
   DATA SIZE        =      1    ----
   IDATA SIZE       =   ----    ----
   BIT SIZE         =   ----    ----
END OF MODULE INFORMATION.


C51 COMPILATION COMPLETE.  0 WARNING(S),  0 ERROR(S)
