C51 COMPILER V9.54   MAIN                                                                  02/21/2026 22:48:34 PAGE 1   


C51 COMPILER V9.54, COMPILATION OF MODULE MAIN
OBJECT MODULE PLACED IN .\Objects\main.obj
COMPILER INVOKED BY: E:\keil5\C51\BIN\C51.EXE main.c OPTIMIZE(8,SPEED) BROWSE DEBUG OBJECTEXTEND PRINT(.\Listings\main.l
                    -st) TABS(2) OBJECT(.\Objects\main.obj)

line level    source

   1          #include<REGX52.H>
   2          
   3          void Delay(unsigned int xms)    //@12.000MHz
   4          {
   5   1      
   6   1        unsigned char i, j;
   7   1        while(xms--){
   8   2          i = 2;
   9   2          j = 239;
  10   2          do
  11   2          {
  12   3            while (--j);
  13   3          } while (--i);
  14   2        }
  15   1      }
  16          
  17          void main(){
  18   1        unsigned char led=0;
  19   1        P2=0xFE;
  20   1        while(1){
  21   2          
  22   2          if(P3_1==0){
  23   3            Delay(20);
  24   3            while(P3_1==0);
  25   3            Delay(20);
  26   3            
  27   3            led++;
  28   3            P2=~led;
  29   3            //整个数然后取反
  30   3            //为零就导通，亮灯
  31   3          }
  32   2        }
  33   1      }


MODULE INFORMATION:   STATIC OVERLAYABLE
   CODE SIZE        =     53    ----
   CONSTANT SIZE    =   ----    ----
   XDATA SIZE       =   ----    ----
   PDATA SIZE       =   ----    ----
   DATA SIZE        =   ----    ----
   IDATA SIZE       =   ----    ----
   BIT SIZE         =   ----    ----
END OF MODULE INFORMATION.


C51 COMPILATION COMPLETE.  0 WARNING(S),  0 ERROR(S)
