C51 COMPILER V9.54   MAIN                                                                  02/21/2026 22:14:23 PAGE 1   


C51 COMPILER V9.54, COMPILATION OF MODULE MAIN
OBJECT MODULE PLACED IN .\Objects\main.obj
COMPILER INVOKED BY: E:\keil5\C51\BIN\C51.EXE main.c OPTIMIZE(8,SPEED) BROWSE DEBUG OBJECTEXTEND PRINT(.\Listings\main.l
                    -st) TABS(2) OBJECT(.\Objects\main.obj)

line level    source

   1          #include<REGX52.H>
   2          
   3          void Delay1ms(unsigned int s)   //@12.000MHz
   4          {
   5   1        while(s--){
   6   2        unsigned char i, j;
   7   2        i = 12;
   8   2        j = 169;
   9   2        do
  10   2        {
  11   3          while (--j);
  12   3        } while (--i);
  13   2      }
  14   1      }
  15          
  16          void main(){
  17   1        
  18   1        P2=0xFE;
  19   1      
  20   1        while(1){
  21   2          Delay1ms(50);
  22   2          if(P3_1==0){
  23   3              P2+=0x01;
  24   3          }
  25   2        }
  26   1      }


MODULE INFORMATION:   STATIC OVERLAYABLE
   CODE SIZE        =     42    ----
   CONSTANT SIZE    =   ----    ----
   XDATA SIZE       =   ----    ----
   PDATA SIZE       =   ----    ----
   DATA SIZE        =   ----       2
   IDATA SIZE       =   ----    ----
   BIT SIZE         =   ----    ----
END OF MODULE INFORMATION.


C51 COMPILATION COMPLETE.  0 WARNING(S),  0 ERROR(S)
