C51 COMPILER V9.54   MAIN                                                                  02/23/2026 13:18:32 PAGE 1   


C51 COMPILER V9.54, COMPILATION OF MODULE MAIN
OBJECT MODULE PLACED IN .\Objects\main.obj
COMPILER INVOKED BY: E:\keil5\C51\BIN\C51.EXE main.c OPTIMIZE(8,SPEED) BROWSE DEBUG OBJECTEXTEND PRINT(.\Listings\main.l
                    -st) TABS(2) OBJECT(.\Objects\main.obj)

line level    source

   1          #include <REGX52.H>
   2          #include"Delay.h"
   3          #include"Timer0.h"
   4          #include"LCD1602.h"
   5          
   6          unsigned char Sec,Min,Hour;
   7          
   8          void main(){
   9   1        LCD_Init();
  10   1        Timer0_Init();
  11   1        
  12   1        LCD_ShowString(1,1,"Clock:");
  13   1        LCD_ShowString(2,1,"  :  :");
  14   1        
  15   1        while(1){
  16   2          LCD_ShowNum(2,1,Hour,2);
  17   2          LCD_ShowNum(2,4,Min,2);
  18   2          LCD_ShowNum(2,7,Sec,2);
  19   2        }
  20   1      }
  21          
  22          
  23          void Timer_Rountine() interrupt 1{
  24   1        static unsigned int T0cnt;
  25   1        TL0 = 0x18;   //设置定时初值
  26   1        TH0 = 0xFC;   //设置定时初值
  27   1        T0cnt++;
  28   1        if(T0cnt>=1000){
  29   2          T0cnt=0;
  30   2          Sec++;
  31   2          if(Sec>59){
  32   3            Sec=0;
  33   3            Min++;
  34   3            if(Min>59){
  35   4              Min=0;
  36   4              Hour++;
  37   4              if(Hour>23){
  38   5                Hour=0;
  39   5              }
  40   4            }
  41   3          }
  42   2        }
  43   1      }


MODULE INFORMATION:   STATIC OVERLAYABLE
   CODE SIZE        =    153    ----
   CONSTANT SIZE    =     14    ----
   XDATA SIZE       =   ----    ----
   PDATA SIZE       =   ----    ----
   DATA SIZE        =      5    ----
   IDATA SIZE       =   ----    ----
   BIT SIZE         =   ----    ----
END OF MODULE INFORMATION.

C51 COMPILER V9.54   MAIN                                                                  02/23/2026 13:18:32 PAGE 2   


C51 COMPILATION COMPLETE.  0 WARNING(S),  0 ERROR(S)
