C51 COMPILER V9.54   TIMER0                                                                02/23/2026 13:18:33 PAGE 1   


C51 COMPILER V9.54, COMPILATION OF MODULE TIMER0
OBJECT MODULE PLACED IN .\Objects\Timer0.obj
COMPILER INVOKED BY: E:\keil5\C51\BIN\C51.EXE Timer0.c OPTIMIZE(8,SPEED) BROWSE DEBUG OBJECTEXTEND PRINT(.\Listings\Time
                    -r0.lst) TABS(2) OBJECT(.\Objects\Timer0.obj)

line level    source

   1          #include <REGX52.H>
   2          /**
   3            * @brief  定时器0初始化，1ms@12.000MHz
   4            * @param  无
   5            * @retval  无
   6            */
   7          void Timer0_Init(){
   8   1      //  TMOD=0x01;  //0000 0001
   9   1        TMOD=TMOD&0xF0; //把TMOD低四位清零，高四位保持不变
  10   1        TMOD|=0x01;//把TMOD最低位置1，高四位不变
  11   1      //  TH0=64535/256;
  12   1      //  TL0=64535%256;
  13   1        TL0 = 0x18;   //设置定时初值
  14   1        TH0 = 0xFC;   //设置定时初值
  15   1        TF0 = 0;    //清除TF0标志
  16   1        TR0 = 1;    //定时器0开始计时
  17   1        ET0=1;
  18   1        EA=1;
  19   1        PT0=0;
  20   1      }
  21          
  22          /*定时器中断函数模板   1s
  23          void Timer_Rountine() interrupt 1{
  24            static unsigned int T0cnt;
  25            TL0 = 0x18;   //设置定时初值
  26            TH0 = 0xFC;   //设置定时初值
  27            T0cnt++;
  28            if(T0cnt>=1000){
  29              T0cnt=0;
  30            }
  31          }
  32          */


MODULE INFORMATION:   STATIC OVERLAYABLE
   CODE SIZE        =     23    ----
   CONSTANT SIZE    =   ----    ----
   XDATA SIZE       =   ----    ----
   PDATA SIZE       =   ----    ----
   DATA SIZE        =   ----    ----
   IDATA SIZE       =   ----    ----
   BIT SIZE         =   ----    ----
END OF MODULE INFORMATION.


C51 COMPILATION COMPLETE.  0 WARNING(S),  0 ERROR(S)
