C51 COMPILER V9.54   MAIN                                                                  02/22/2026 16:04:49 PAGE 1   


C51 COMPILER V9.54, COMPILATION OF MODULE MAIN
OBJECT MODULE PLACED IN .\Objects\main.obj
COMPILER INVOKED BY: E:\keil5\C51\BIN\C51.EXE main.c OPTIMIZE(8,SPEED) BROWSE DEBUG OBJECTEXTEND PRINT(.\Listings\main.l
                    -st) TABS(2) OBJECT(.\Objects\main.obj)

line level    source

   1          #include <REGX52.H>
   2          
   3          unsigned char nixietable[]={0x3F,0x06,0x5B,0x4F,0x66,0x6D,0x7D,0x07,0x7F,0x6F};
   4          
   5          void Delay(unsigned int xms)    //@12.000MHz
   6          {
   7   1        unsigned char i, j;
   8   1        while(xms--){
   9   2        i = 2;
  10   2        j = 239;
  11   2        do
  12   2        {
  13   3          while (--j);
  14   3        } while (--i);
  15   2      }
  16   1      }
  17          
  18          void nixie(unsigned char location,unsigned char num){
  19   1        
  20   1        switch(location){
  21   2          case 1:P2_4=1;P2_3=1;P2_2=1;break;
  22   2          case 2:P2_4=1;P2_3=1;P2_2=0;break;
  23   2          case 3:P2_4=1;P2_3=0;P2_2=1;break;
  24   2          case 4:P2_4=1;P2_3=0;P2_2=0;break;
  25   2          case 5:P2_4=0;P2_3=1;P2_2=1;break;
  26   2          case 6:P2_4=0;P2_3=1;P2_2=0;break;
  27   2          case 7:P2_4=0;P2_3=0;P2_2=1;break;
  28   2          case 8:P2_4=0;P2_3=0;P2_2=0;break;
  29   2        }
  30   1        P0=nixietable[num];
  31   1        Delay(5);
  32   1        P0=0x00;//œ˚”∞  —” ±÷√¡„
  33   1      }
  34          
  35          
  36          void main(){
  37   1        
  38   1        while(1){
  39   2          nixie(1,1);
  40   2      //    Delay(20);
  41   2          nixie(2,2);
  42   2      //    Delay(20);
  43   2          nixie(3,3);
  44   2      //    Delay(20);
  45   2        }
  46   1        
  47   1      }


MODULE INFORMATION:   STATIC OVERLAYABLE
   CODE SIZE        =    153    ----
   CONSTANT SIZE    =   ----    ----
   XDATA SIZE       =   ----    ----
   PDATA SIZE       =   ----    ----
C51 COMPILER V9.54   MAIN                                                                  02/22/2026 16:04:49 PAGE 2   

   DATA SIZE        =     10    ----
   IDATA SIZE       =   ----    ----
   BIT SIZE         =   ----    ----
END OF MODULE INFORMATION.


C51 COMPILATION COMPLETE.  0 WARNING(S),  0 ERROR(S)
