C51 COMPILER V9.54   MAIN                                                                  02/22/2026 16:51:44 PAGE 1   


C51 COMPILER V9.54, COMPILATION OF MODULE MAIN
OBJECT MODULE PLACED IN .\Objects\main.obj
COMPILER INVOKED BY: E:\keil5\C51\BIN\C51.EXE main.c OPTIMIZE(8,SPEED) BROWSE DEBUG OBJECTEXTEND PRINT(.\Listings\main.l
                    -st) TABS(2) OBJECT(.\Objects\main.obj)

line level    source

   1          #include <REGX52.H>
   2          #include "Delay.h"
   3          #include "Nixie.h"
   4          
   5          
   6          void main(){
   7   1        
   8   1        while(1){
   9   2      //    P2_0=1;
  10   2      //    Delay(500);
  11   2      //    P2_0=0;
  12   2      //    Delay(500);
  13   2          Nixie(1,1);
  14   2          Nixie(2,2);
  15   2          Nixie(3,3);
  16   2          Nixie(4,4);
  17   2          Nixie(5,5);
  18   2          Nixie(6,6);
  19   2        }
  20   1        
  21   1      }


MODULE INFORMATION:   STATIC OVERLAYABLE
   CODE SIZE        =     44    ----
   CONSTANT SIZE    =   ----    ----
   XDATA SIZE       =   ----    ----
   PDATA SIZE       =   ----    ----
   DATA SIZE        =   ----    ----
   IDATA SIZE       =   ----    ----
   BIT SIZE         =   ----    ----
END OF MODULE INFORMATION.


C51 COMPILATION COMPLETE.  0 WARNING(S),  0 ERROR(S)
