C51 COMPILER V9.54   NIXIE                                                                 02/22/2026 16:51:44 PAGE 1   


C51 COMPILER V9.54, COMPILATION OF MODULE NIXIE
OBJECT MODULE PLACED IN .\Objects\Nixie.obj
COMPILER INVOKED BY: E:\keil5\C51\BIN\C51.EXE Nixie.c OPTIMIZE(8,SPEED) BROWSE DEBUG OBJECTEXTEND PRINT(.\Listings\Nixie
                    -.lst) TABS(2) OBJECT(.\Objects\Nixie.obj)

line level    source

   1          #include <REGX52.H>
   2          #include "Delay.h"
   3          
   4          unsigned char nixietable[]={0x3F,0x06,0x5B,0x4F,0x66,0x6D,0x7D,0x07,0x7F,0x6F};
   5          
   6          void Nixie(unsigned char location,unsigned char num){
   7   1        
   8   1        switch(location){
   9   2          case 1:P2_4=1;P2_3=1;P2_2=1;break;
  10   2          case 2:P2_4=1;P2_3=1;P2_2=0;break;
  11   2          case 3:P2_4=1;P2_3=0;P2_2=1;break;
  12   2          case 4:P2_4=1;P2_3=0;P2_2=0;break;
  13   2          case 5:P2_4=0;P2_3=1;P2_2=1;break;
  14   2          case 6:P2_4=0;P2_3=1;P2_2=0;break;
  15   2          case 7:P2_4=0;P2_3=0;P2_2=1;break;
  16   2          case 8:P2_4=0;P2_3=0;P2_2=0;break;
  17   2        }
  18   1        P0=nixietable[num];
  19   1        Delay(1);
  20   1        P0=0x00;//œ˚”∞  —” ±÷√¡„
  21   1      }


MODULE INFORMATION:   STATIC OVERLAYABLE
   CODE SIZE        =    109    ----
   CONSTANT SIZE    =   ----    ----
   XDATA SIZE       =   ----    ----
   PDATA SIZE       =   ----    ----
   DATA SIZE        =     10    ----
   IDATA SIZE       =   ----    ----
   BIT SIZE         =   ----    ----
END OF MODULE INFORMATION.


C51 COMPILATION COMPLETE.  0 WARNING(S),  0 ERROR(S)
